<?xml version="1.0" encoding="UTF-8"?>
<!-- Generated by org.testng.reporters.JUnitReportReporter -->
<testsuite hostname="INSML-8RLVCF" failures="0" tests="2" name="ui_windowHandles.windowHandles" time="21.471" errors="0" timestamp="2023-02-09T18:52:31 IST" skipped="0">
  <testcase classname="ui_windowHandles.windowHandles" name="linkInNewTab" time="10.736"/>
  <system-out/>
  <testcase classname="ui_windowHandles.windowHandles" name="multipleLinkInNewTab" time="10.735"/>
  <system-out/>
</testsuite> <!-- ui_windowHandles.windowHandles -->
