<?xml version="1.0" encoding="UTF-8"?>
<!-- Generated by org.testng.reporters.JUnitReportReporter -->
<testsuite hostname="INSML-8RLVCF" failures="0" tests="1" name="ui_windowHandles.extentReports" time="7.791" errors="0" timestamp="2023-02-08T20:27:19 IST" skipped="0">
  <testcase classname="ui_windowHandles.extentReports" name="openBrowser" time="7.791"/>
  <system-out/>
</testsuite> <!-- ui_windowHandles.extentReports -->
